2026-06-22 16:39:47 | INFO     | Keys present: {'virustotal': False, 'abuseipdb': False, 'shodan': False, 'otx': False, 'urlscan': True}
2026-06-22 16:39:50 | WARNING  | [virustotal] skipped: no VIRUSTOTAL_API_KEY
2026-06-22 16:39:50 | WARNING  | [abuseipdb] skipped: no ABUSEIPDB_API_KEY
2026-06-22 16:39:50 | WARNING  | [shodan] skipped: no SHODAN_API_KEY
2026-06-22 16:39:50 | WARNING  | [otx] skipped: no OTX_API_KEY
2026-06-22 16:39:58 | WARNING  | [virustotal] skipped: no VIRUSTOTAL_API_KEY
2026-06-22 16:39:58 | WARNING  | [otx] skipped: no OTX_API_KEY
2026-06-22 16:40:07 | WARNING  | [crtsh] failed: HTTP 502
2026-06-22 16:40:08 | WARNING  | [rdap] failed: HTTP 404
2026-06-22 16:40:10 | WARNING  | [virustotal] skipped: no VIRUSTOTAL_API_KEY
2026-06-22 16:40:10 | WARNING  | [otx] skipped: no OTX_API_KEY
2026-06-22 16:40:10 | WARNING  | [virustotal] skipped: no VIRUSTOTAL_API_KEY
2026-06-22 16:40:10 | WARNING  | [otx] skipped: no OTX_API_KEY
2026-06-22 16:40:13 | WARNING  | [virustotal] skipped: no VIRUSTOTAL_API_KEY
2026-06-22 16:40:13 | WARNING  | [abuseipdb] skipped: no ABUSEIPDB_API_KEY
2026-06-22 16:40:13 | WARNING  | [shodan] skipped: no SHODAN_API_KEY
2026-06-22 16:40:13 | WARNING  | [otx] skipped: no OTX_API_KEY
2026-06-22 16:40:13 | WARNING  | [network] failed: no A record: The DNS query name does not exist: phishy-login-portal.test.
2026-06-22 16:40:13 | WARNING  | [whois] failed: Whois command returned no output
2026-06-22 16:40:16 | WARNING  | [rdap] failed: HTTP 404
2026-06-22 16:40:17 | WARNING  | [virustotal] skipped: no VIRUSTOTAL_API_KEY
2026-06-22 16:40:17 | WARNING  | [otx] skipped: no OTX_API_KEY
2026-06-22 16:40:17 | INFO     | SQLite evidence DB written: evidence.sqlite
2026-06-22 16:40:18 | INFO     | Interactive graph: graph.html
2026-06-22 16:40:18 | INFO     | HTML report: output\2026-06-22_16-39-47\report.html
2026-06-22 16:40:18 | WARNING  | weasyprint not installed — skipping PDF (HTML report is the primary output).
2026-06-22 16:40:20 | INFO     | Evidence archive: output\2026-06-22_16-39-47.zip
2026-06-22 16:40:20 | INFO     | Done. Overall threat level: LOW
